2025-04-22 21:51:08,348 [main] INFO Morning_Batch_CoverFox - Hello
2025-04-22 22:11:35,175 [main] INFO Morning_Batch_CoverFox - Welcome to CoverFox Testing
2025-04-22 22:11:40,010 [main] INFO Morning_Batch_CoverFox - Launching Browser
2025-04-22 22:11:41,369 [main] INFO Morning_Batch_CoverFox - Clicking on Gender
2025-04-22 22:11:41,622 [main] INFO Morning_Batch_CoverFox - clicking On Next Button On Health Plan Page
2025-04-22 22:11:42,909 [main] INFO Morning_Batch_CoverFox - Handling age drop down
2025-04-22 22:11:43,025 [main] INFO Morning_Batch_CoverFox - clicking On Next Button On Member Detail Page
2025-04-22 22:11:43,446 [main] INFO Morning_Batch_CoverFox - Enter Pincode On Adress Detail Page
2025-04-22 22:11:43,607 [main] INFO Morning_Batch_CoverFox - Eneter Mobile Number On Address Detail Page
2025-04-22 22:11:43,737 [main] INFO Morning_Batch_CoverFox - Clicking On Continue Button
2025-04-22 22:11:47,848 [main] INFO Morning_Batch_CoverFox - Validating CoverFox Plan
2025-04-22 22:11:47,860 [main] INFO Morning_Batch_CoverFox - closing Browser
2025-04-22 23:10:06,379 [main] INFO Morning_Batch_CoverFox - Welcome to CoverFox Testing
2025-04-22 23:10:11,027 [main] INFO Morning_Batch_CoverFox - Launching Browser
2025-04-22 23:10:11,570 [main] INFO Morning_Batch_CoverFox - Clicking on Gender
2025-04-22 23:10:12,138 [main] INFO Morning_Batch_CoverFox - clicking On Next Button On Health Plan Page
2025-04-22 23:10:13,605 [main] INFO Morning_Batch_CoverFox - Handling age drop down
2025-04-22 23:10:13,807 [main] INFO Morning_Batch_CoverFox - clicking On Next Button On Member Detail Page
2025-04-26 17:19:44,121 [main] INFO Morning_Batch_CoverFox - Welcome to CoverFox Testing
2025-04-26 17:19:53,414 [main] INFO Morning_Batch_CoverFox - Launching Browser
2025-04-26 17:19:54,788 [main] INFO Morning_Batch_CoverFox - Clicking on Gender
2025-04-26 17:19:55,554 [main] INFO Morning_Batch_CoverFox - clicking On Next Button On Health Plan Page
2025-04-26 17:27:23,265 [main] INFO Morning_Batch_CoverFox - Welcome to CoverFox Testing
2025-04-26 17:27:31,640 [main] INFO Morning_Batch_CoverFox - Launching Browser
2025-04-26 17:27:32,885 [main] INFO Morning_Batch_CoverFox - Clicking on Gender
2025-04-26 17:27:33,607 [main] INFO Morning_Batch_CoverFox - clicking On Next Button On Health Plan Page
2025-04-26 17:32:02,809 [main] INFO Morning_Batch_CoverFox - Welcome to CoverFox Testing
2025-04-26 17:32:09,901 [main] INFO Morning_Batch_CoverFox - Launching Browser
2025-04-26 17:32:11,182 [main] INFO Morning_Batch_CoverFox - Clicking on Gender
2025-04-26 17:32:11,958 [main] INFO Morning_Batch_CoverFox - clicking On Next Button On Health Plan Page
2025-04-26 17:32:14,504 [main] INFO Morning_Batch_CoverFox - Handling age drop down
2025-04-26 17:32:14,863 [main] INFO Morning_Batch_CoverFox - clicking On Next Button On Member Detail Page
2025-04-26 17:32:15,652 [main] INFO Morning_Batch_CoverFox - Enter Pincode On Adress Detail Page
2025-04-26 17:32:16,096 [main] INFO Morning_Batch_CoverFox - Eneter Mobile Number On Address Detail Page
2025-04-26 17:32:16,344 [main] INFO Morning_Batch_CoverFox - Clicking On Continue Button
2025-04-26 17:32:20,582 [main] INFO Morning_Batch_CoverFox - Validating CoverFox Plan
2025-04-26 17:32:20,618 [main] INFO Morning_Batch_CoverFox - closing Browser
